<?xml version="1.0" encoding="UTF-8"?>
<testng-results ignored="0" total="1" passed="1" failed="0" skipped="0">
  <reporter-output>
  </reporter-output>
  <suite started-at="2021-05-19T09:28:20 IST" name="Default suite" finished-at="2021-05-19T09:28:20 IST" duration-ms="154">
    <groups>
    </groups>
    <test started-at="2021-05-19T09:28:20 IST" name="Default test" finished-at="2021-05-19T09:28:20 IST" duration-ms="154">
      <class name="QualitykioskTraining.JenkinsDemo.TestAddition">
        <test-method is-config="true" signature="Init()[pri:0, instance:QualitykioskTraining.JenkinsDemo.TestAddition@550ee7e5]" started-at="2021-05-19T09:28:20 IST" name="Init" finished-at="2021-05-19T09:28:20 IST" duration-ms="27" status="PASS">
          <reporter-output>
          </reporter-output>
        </test-method> <!-- Init -->
        <test-method is-config="true" signature="ReinitialiseResultVar()[pri:0, instance:QualitykioskTraining.JenkinsDemo.TestAddition@550ee7e5]" started-at="2021-05-19T09:28:20 IST" name="ReinitialiseResultVar" finished-at="2021-05-19T09:28:20 IST" duration-ms="1" status="PASS">
          <reporter-output>
          </reporter-output>
        </test-method> <!-- ReinitialiseResultVar -->
        <test-method signature="TestAdditionWithPositiveNumbers()[pri:1, instance:QualitykioskTraining.JenkinsDemo.TestAddition@550ee7e5]" started-at="2021-05-19T09:28:20 IST" name="TestAdditionWithPositiveNumbers" finished-at="2021-05-19T09:28:20 IST" duration-ms="19" status="PASS">
          <reporter-output>
          </reporter-output>
        </test-method> <!-- TestAdditionWithPositiveNumbers -->
      </class> <!-- QualitykioskTraining.JenkinsDemo.TestAddition -->
    </test> <!-- Default test -->
  </suite> <!-- Default suite -->
</testng-results>
